<?xml version="1.0" encoding="UTF-8"?>
<!-- Generated by org.testng.reporters.JUnitXMLReporter -->
<testsuite ignored="1" hostname="DESKTOP-IK2B1ES" failures="0" tests="3" name="Test" time="28.494" errors="0" timestamp="2022-12-29T17:36:27 IST">
  <testcase classname="com.section1.Demo1" name="checkzon" time="0.01"/>
  <testcase classname="com.section1.Yatra" name="yatrahandle" time="13.351"/>
  <testcase classname="com.section1.Demo" name="manage" time="15.071"/>
  <testcase classname="com.section1.Demo1" name="amazon" time="0.0">
    <ignored/>
  </testcase> <!-- amazon -->
</testsuite> <!-- Test -->
