<?xml version="1.0" encoding="UTF-8"?>
<testng-results ignored="0" total="1" passed="1" failed="0" skipped="0">
  <reporter-output>
  </reporter-output>
  <suite started-at="2023-01-06T11:50:17 IST" name="Default suite" finished-at="2023-01-06T11:50:25 IST" duration-ms="7175">
    <groups>
    </groups>
    <test started-at="2023-01-06T11:50:17 IST" name="Default test" finished-at="2023-01-06T11:50:25 IST" duration-ms="7175">
      <class name="com.section1.Demo1">
        <test-method signature="amazon()[pri:0, instance:com.section1.Demo1@7e5afaa6]" started-at="2023-01-06T11:50:17 IST" name="amazon" finished-at="2023-01-06T11:50:25 IST" duration-ms="7120" status="PASS">
          <reporter-output>
          </reporter-output>
        </test-method> <!-- amazon -->
      </class> <!-- com.section1.Demo1 -->
    </test> <!-- Default test -->
  </suite> <!-- Default suite -->
</testng-results>
